<?xml version="1.0" encoding="UTF-8"?>
<!-- Generated by org.testng.reporters.JUnitXMLReporter -->
<testsuite ignored="0" hostname="EPINBANW0001" failures="2" tests="6" name="Calculator Parameterised Tests" time="0.077" errors="0" timestamp="2024-07-06T20:18:53 IST">
  <testcase classname="calstests.task6.CalculatorParameterisedTest" name="testAddition2" time="0.0">
    <failure type="org.testng.TestNGException" message="
Parameter &amp;apos;num1&amp;apos; is required by @Test on method testAddition2 but has not been marked @Optional or defined
">
      <![CDATA[org.testng.TestNGException: 
Parameter 'num1' is required by @Test on method testAddition2 but has not been marked @Optional or defined

at java.base/java.util.ArrayList.forEach(ArrayList.java:1596)
at calstests.task10.CustomTestRunner.main(CustomTestRunner.java:44)
... Removed 23 stack frames]]>
    </failure>
  </testcase> <!-- testAddition2 -->
  <testcase classname="calstests.task6.CalculatorParameterisedTest" name="testSubtraction2" time="0.0">
    <failure type="org.testng.TestNGException" message="
Parameter &amp;apos;num1&amp;apos; is required by @Test on method testSubtraction2 but has not been marked @Optional or defined
">
      <![CDATA[org.testng.TestNGException: 
Parameter 'num1' is required by @Test on method testSubtraction2 but has not been marked @Optional or defined

at java.base/java.util.ArrayList.forEach(ArrayList.java:1596)
at calstests.task10.CustomTestRunner.main(CustomTestRunner.java:44)
... Removed 23 stack frames]]>
    </failure>
  </testcase> <!-- testSubtraction2 -->
  <testcase classname="calstests.task6.CalculatorParameterisedTest" name="testdataprovider" time="0.011"/>
  <testcase classname="calstests.task6.CalculatorParameterisedTest" name="testdataprovider" time="0.001"/>
  <testcase classname="calstests.task6.CalculatorParameterisedTest" name="testdataprovider" time="0.0"/>
  <testcase classname="calstests.task6.CalculatorParameterisedTest" name="testdataprovider" time="0.001"/>
</testsuite> <!-- Calculator Parameterised Tests -->
